[debug] [2019-04-05T05:27:40.336Z] ----------------------------------------------------------------------
[debug] [2019-04-05T05:27:40.339Z] Command:       C:\Program Files\nodejs\node.exe C:\Users\Kyle Dang\AppData\Roaming\npm\node_modules\firebase-tools\lib\bin\firebase.js serve
[debug] [2019-04-05T05:27:40.340Z] CLI Version:   6.5.0
[debug] [2019-04-05T05:27:40.340Z] Platform:      win32
[debug] [2019-04-05T05:27:40.340Z] Node Version:  v11.11.0
[debug] [2019-04-05T05:27:40.341Z] Time:          Thu Apr 04 2019 22:27:40 GMT-0700 (Pacific Daylight Time)
[debug] [2019-04-05T05:27:40.341Z] ----------------------------------------------------------------------
[debug] 
[debug] [2019-04-05T05:27:40.362Z] > command requires scopes: ["email","openid","https://www.googleapis.com/auth/cloudplatformprojects.readonly","https://www.googleapis.com/auth/firebase","https://www.googleapis.com/auth/cloud-platform"]
[debug] [2019-04-05T05:27:40.363Z] > authorizing via signed-in user
[debug] [2019-04-05T05:27:40.363Z] [iam] checking project deltalitter for permissions ["firebase.projects.get"]
[debug] [2019-04-05T05:27:40.366Z] > refreshing access token with scopes: ["email","https://www.googleapis.com/auth/cloud-platform","https://www.googleapis.com/auth/cloudplatformprojects.readonly","https://www.googleapis.com/auth/firebase","openid"]
[debug] [2019-04-05T05:27:40.366Z] >>> HTTP REQUEST POST https://www.googleapis.com/oauth2/v3/token  
 <request body omitted>
[debug] [2019-04-05T05:27:40.652Z] <<< HTTP RESPONSE 200
[debug] [2019-04-05T05:27:40.660Z] >>> HTTP REQUEST POST https://cloudresourcemanager.googleapis.com/v1/projects/deltalitter:testIamPermissions  

[debug] [2019-04-05T05:27:41.105Z] <<< HTTP RESPONSE 200
[debug] [2019-04-05T05:27:41.106Z] >>> HTTP REQUEST GET https://cloudresourcemanager.googleapis.com/v1/projects/deltalitter  
 
[debug] [2019-04-05T05:27:41.663Z] <<< HTTP RESPONSE 200
[info] 
[info] === Serving from 'C:\Users\Kyle Dang\Desktop\DeltaLitter\DeltaLitter'...
[info] 
[debug] [2019-04-05T05:27:41.673Z] >>> HTTP REQUEST GET https://mobilesdk-pa.googleapis.com/v1/projects/597109033529/clients/_:getWebAppConfig  
 
[debug] [2019-04-05T05:27:42.029Z] <<< HTTP RESPONSE 200
[info] i  hosting: Serving hosting files from: public
[info] +  hosting: Local server: http://localhost:5000
[debug] [2019-04-06T07:09:58.088Z] ----------------------------------------------------------------------
[debug] [2019-04-06T07:09:58.091Z] Command:       C:\Program Files\nodejs\node.exe C:\Users\Kyle Dang\AppData\Roaming\npm\node_modules\firebase-tools\lib\bin\firebase.js serve
[debug] [2019-04-06T07:09:58.091Z] CLI Version:   6.5.0
[debug] [2019-04-06T07:09:58.091Z] Platform:      win32
[debug] [2019-04-06T07:09:58.091Z] Node Version:  v11.11.0
[debug] [2019-04-06T07:09:58.101Z] Time:          Sat Apr 06 2019 00:09:58 GMT-0700 (Pacific Daylight Time)
[debug] [2019-04-06T07:09:58.101Z] ----------------------------------------------------------------------
[debug] 
[debug] [2019-04-06T07:09:58.121Z] > command requires scopes: ["email","openid","https://www.googleapis.com/auth/cloudplatformprojects.readonly","https://www.googleapis.com/auth/firebase","https://www.googleapis.com/auth/cloud-platform"]
[debug] [2019-04-06T07:09:58.122Z] > authorizing via signed-in user
[debug] [2019-04-06T07:09:58.122Z] [iam] checking project deltalitter for permissions ["firebase.projects.get"]
[debug] [2019-04-06T07:09:58.124Z] > refreshing access token with scopes: ["email","https://www.googleapis.com/auth/cloud-platform","https://www.googleapis.com/auth/cloudplatformprojects.readonly","https://www.googleapis.com/auth/firebase","openid"]
[debug] [2019-04-06T07:09:58.125Z] >>> HTTP REQUEST POST https://www.googleapis.com/oauth2/v3/token  
 <request body omitted>
[debug] [2019-04-06T07:09:58.352Z] <<< HTTP RESPONSE 200
[debug] [2019-04-06T07:09:58.361Z] >>> HTTP REQUEST POST https://cloudresourcemanager.googleapis.com/v1/projects/deltalitter:testIamPermissions  

[debug] [2019-04-06T07:09:58.782Z] <<< HTTP RESPONSE 200
[debug] [2019-04-06T07:09:58.783Z] >>> HTTP REQUEST GET https://cloudresourcemanager.googleapis.com/v1/projects/deltalitter  
 
[debug] [2019-04-06T07:09:59.130Z] <<< HTTP RESPONSE 200
[info] 
[info] === Serving from 'C:\Users\Kyle Dang\Desktop\DeltaLitter\DeltaLitter'...
[info] 
[debug] [2019-04-06T07:09:59.135Z] >>> HTTP REQUEST GET https://mobilesdk-pa.googleapis.com/v1/projects/597109033529/clients/_:getWebAppConfig  
 
[debug] [2019-04-06T07:09:59.622Z] <<< HTTP RESPONSE 200
[info] i  hosting: Serving hosting files from: public
[info] +  hosting: Local server: http://localhost:5000
